<?xml version="1.0" encoding="UTF-8"?>
<!-- Generated by org.testng.reporters.JUnitReportReporter -->
<testsuite skipped="0" hostname="work" name="com.citrus.myproject.SampleJavaIT" tests="2" failures="0" timestamp="28 мая 2020 12:47:06 GMT" time="0.230" errors="0">
  <testcase name="sayHello" time="0.101" classname="com.citrus.myproject.SampleJavaIT"/>
  <testcase name="echoToday" time="0.129" classname="com.citrus.myproject.SampleJavaIT"/>
</testsuite> <!-- com.citrus.myproject.SampleJavaIT -->
